<?xml version="1.0" encoding="UTF-8"?>
<!-- Generated by org.testng.reporters.JUnitReportReporter -->
<testsuite hostname="Diwakar" failures="0" tests="2" name="com.qa.parabank.tests.ParabankTest" time="20.264" errors="0" timestamp="2025-08-05T16:54:16 AEST" skipped="0">
  <testcase classname="com.qa.parabank.tests.ParabankTest" name="endToEndTest" time="12.949"/>
  <testcase classname="com.qa.parabank.tests.ParabankTest" name="validateTransactionByAPI" time="7.315"/>
</testsuite> <!-- com.qa.parabank.tests.ParabankTest -->
